1524125203178	geckodriver	INFO	geckodriver 0.20.1
1524125203193	geckodriver	INFO	Listening on 127.0.0.1:54568
1524125204210	mozrunner::runner	INFO	Running command: "/Applications/Firefox.app/Contents/MacOS/firefox-bin" "-marionette" "-profile" "/var/folders/fz/qbvn25416412ff4ryyqgq1n80000gn/T/rust_mozprofile.oJGgpOQIy1Yf"
1524125205286	Marionette	INFO	Enabled via --marionette
2018-04-19 17:06:46.716 plugin-container[41817:197895] *** CFMessagePort: bootstrap_register(): failed 1100 (0x44c) 'Permission denied', port = 0x7643, name = 'com.apple.tsm.portname'
See /usr/include/servers/bootstrap_defs.h for the error codes.
1524125207328	Marionette	INFO	Listening on port 54579
1524125207364	Marionette	WARN	TLS certificate errors will be ignored for this session
2018-04-19 17:06:48.449 plugin-container[41818:198007] *** CFMessagePort: bootstrap_register(): failed 1100 (0x44c) 'Permission denied', port = 0x853b, name = 'com.apple.tsm.portname'
See /usr/include/servers/bootstrap_defs.h for the error codes.
1524125208738	addons.xpi	WARN	Exception running bootstrap method shutdown on activity-stream@mozilla.org: [Exception... "Component returned failure code: 0x80004005 (NS_ERROR_FAILURE) [nsIObserverService.removeObserver]"  nsresult: "0x80004005 (NS_ERROR_FAILURE)"  location: "JS frame :: resource://activity-stream/lib/SnippetsFeed.jsm :: uninit :: line 125"  data: no] Stack trace: uninit()@resource://activity-stream/lib/SnippetsFeed.jsm:125 < onAction()@resource://activity-stream/lib/SnippetsFeed.jsm:141 < _middleware/</<()@resource://activity-stream/lib/Store.jsm:51 < Store/this[method]()@resource://activity-stream/lib/Store.jsm:30 < uninit()@resource://activity-stream/lib/Store.jsm:153 < uninit()@resource://activity-stream/lib/ActivityStream.jsm:274 < uninit()@resource://gre/modules/addons/XPIProvider.jsm -> jar:file:///Applications/Firefox.app/Contents/Resources/browser/features/activity-stream@mozilla.org.xpi!/bootstrap.js:80 < shutdown()@resource://gre/modules/addons/XPIProvider.jsm -> jar:file:///Applications/Firefox.app/Contents/Resources/browser/features/activity-stream@mozilla.org.xpi!/bootstrap.js:196 < callBootstrapMethod()@resource://gre/modules/addons/XPIProvider.jsm:4419 < observe()@resource://gre/modules/addons/XPIProvider.jsm:2279 < GeckoDriver.prototype.quit()@driver.js:3270 < despatch()@server.js:557 < execute()@server.js:531 < onPacket/<()@server.js:506 < onPacket()@server.js:505 < _onJSONObjectReady/<()@transport.js:500
*** UTM:SVC TimerManager:registerTimer called after profile-before-change notification. Ignoring timer registration for id: telemetry_modules_ping
1524125224728	geckodriver	INFO	geckodriver 0.20.1
1524125224737	geckodriver	INFO	Listening on 127.0.0.1:54661
1524125225771	mozrunner::runner	INFO	Running command: "/Applications/Firefox.app/Contents/MacOS/firefox-bin" "-marionette" "-profile" "/var/folders/fz/qbvn25416412ff4ryyqgq1n80000gn/T/rust_mozprofile.6eXvejMvb8EG"
1524125226432	Marionette	INFO	Enabled via --marionette
2018-04-19 17:07:07.623 plugin-container[41911:198584] *** CFMessagePort: bootstrap_register(): failed 1100 (0x44c) 'Permission denied', port = 0x8103, name = 'com.apple.tsm.portname'
See /usr/include/servers/bootstrap_defs.h for the error codes.
1524125228028	Marionette	INFO	Listening on port 54672
1524125228082	Marionette	WARN	TLS certificate errors will be ignored for this session
1524125229144	addons.xpi	WARN	Exception running bootstrap method shutdown on activity-stream@mozilla.org: [Exception... "Component returned failure code: 0x80004005 (NS_ERROR_FAILURE) [nsIObserverService.removeObserver]"  nsresult: "0x80004005 (NS_ERROR_FAILURE)"  location: "JS frame :: resource://activity-stream/lib/SnippetsFeed.jsm :: uninit :: line 125"  data: no] Stack trace: uninit()@resource://activity-stream/lib/SnippetsFeed.jsm:125 < onAction()@resource://activity-stream/lib/SnippetsFeed.jsm:141 < _middleware/</<()@resource://activity-stream/lib/Store.jsm:51 < Store/this[method]()@resource://activity-stream/lib/Store.jsm:30 < uninit()@resource://activity-stream/lib/Store.jsm:153 < uninit()@resource://activity-stream/lib/ActivityStream.jsm:274 < uninit()@resource://gre/modules/addons/XPIProvider.jsm -> jar:file:///Applications/Firefox.app/Contents/Resources/browser/features/activity-stream@mozilla.org.xpi!/bootstrap.js:80 < shutdown()@resource://gre/modules/addons/XPIProvider.jsm -> jar:file:///Applications/Firefox.app/Contents/Resources/browser/features/activity-stream@mozilla.org.xpi!/bootstrap.js:196 < callBootstrapMethod()@resource://gre/modules/addons/XPIProvider.jsm:4419 < observe()@resource://gre/modules/addons/XPIProvider.jsm:2279 < GeckoDriver.prototype.quit()@driver.js:3270 < despatch()@server.js:557 < execute()@server.js:531 < onPacket/<()@server.js:506 < onPacket()@server.js:505 < _onJSONObjectReady/<()@transport.js:500
2018-04-19 17:07:09.330 plugin-container[41912:198677] *** CFMessagePort: bootstrap_register(): failed 1100 (0x44c) 'Permission denied', port = 0x7e43, name = 'com.apple.tsm.portname'
See /usr/include/servers/bootstrap_defs.h for the error codes.
*** UTM:SVC TimerManager:registerTimer called after profile-before-change notification. Ignoring timer registration for id: telemetry_modules_ping
1524126339470	geckodriver	INFO	geckodriver 0.20.1
1524126339488	geckodriver	INFO	Listening on 127.0.0.1:54821
1524126340504	mozrunner::runner	INFO	Running command: "/Applications/Firefox.app/Contents/MacOS/firefox-bin" "-marionette" "-profile" "/var/folders/fz/qbvn25416412ff4ryyqgq1n80000gn/T/rust_mozprofile.dlfg8FX224Rq"
1524126341376	Marionette	INFO	Enabled via --marionette
2018-04-19 17:25:42.972 plugin-container[44061:209481] *** CFMessagePort: bootstrap_register(): failed 1100 (0x44c) 'Permission denied', port = 0x7947, name = 'com.apple.tsm.portname'
See /usr/include/servers/bootstrap_defs.h for the error codes.
2018-04-19 17:25:44.064 plugin-container[44062:209557] *** CFMessagePort: bootstrap_register(): failed 1100 (0x44c) 'Permission denied', port = 0x7143, name = 'com.apple.tsm.portname'
See /usr/include/servers/bootstrap_defs.h for the error codes.
1524126344108	Marionette	INFO	Listening on port 54832
1524126344204	Marionette	WARN	TLS certificate errors will be ignored for this session
1524126374722	geckodriver	INFO	geckodriver 0.20.1
1524126374738	geckodriver	INFO	Listening on 127.0.0.1:54939
1524126375764	mozrunner::runner	INFO	Running command: "/Applications/Firefox.app/Contents/MacOS/firefox-bin" "-marionette" "-profile" "/var/folders/fz/qbvn25416412ff4ryyqgq1n80000gn/T/rust_mozprofile.cD7BaKfzcPbz"
1524126376734	Marionette	INFO	Enabled via --marionette
2018-04-19 17:26:18.394 plugin-container[44364:210899] *** CFMessagePort: bootstrap_register(): failed 1100 (0x44c) 'Permission denied', port = 0x7b43, name = 'com.apple.tsm.portname'
See /usr/include/servers/bootstrap_defs.h for the error codes.
1524126379016	Marionette	INFO	Listening on port 54950
1524126379096	Marionette	WARN	TLS certificate errors will be ignored for this session
2018-04-19 17:26:20.353 plugin-container[44365:211012] *** CFMessagePort: bootstrap_register(): failed 1100 (0x44c) 'Permission denied', port = 0x8643, name = 'com.apple.tsm.portname'
See /usr/include/servers/bootstrap_defs.h for the error codes.
*** UTM:SVC TimerManager:registerTimer called after profile-before-change notification. Ignoring timer registration for id: telemetry_modules_ping
1524126388336	geckodriver	INFO	geckodriver 0.20.1
1524126388347	geckodriver	INFO	Listening on 127.0.0.1:55052
1524126389376	mozrunner::runner	INFO	Running command: "/Applications/Firefox.app/Contents/MacOS/firefox-bin" "-marionette" "-profile" "/var/folders/fz/qbvn25416412ff4ryyqgq1n80000gn/T/rust_mozprofile.XJdD36mMxbBL"
1524126390376	Marionette	INFO	Enabled via --marionette
2018-04-19 17:26:31.910 plugin-container[44409:211366] *** CFMessagePort: bootstrap_register(): failed 1100 (0x44c) 'Permission denied', port = 0x8343, name = 'com.apple.tsm.portname'
See /usr/include/servers/bootstrap_defs.h for the error codes.
1524126392538	Marionette	INFO	Listening on port 55059
1524126392644	Marionette	WARN	TLS certificate errors will be ignored for this session
2018-04-19 17:26:33.673 plugin-container[44410:211458] *** CFMessagePort: bootstrap_register(): failed 1100 (0x44c) 'Permission denied', port = 0x734b, name = 'com.apple.tsm.portname'
See /usr/include/servers/bootstrap_defs.h for the error codes.
1524126411509	geckodriver	INFO	geckodriver 0.20.1
1524126411535	geckodriver	INFO	Listening on 127.0.0.1:55157
1524126412540	mozrunner::runner	INFO	Running command: "/Applications/Firefox.app/Contents/MacOS/firefox-bin" "-marionette" "-profile" "/var/folders/fz/qbvn25416412ff4ryyqgq1n80000gn/T/rust_mozprofile.EVNB4UpOsUKX"
1524126413360	Marionette	INFO	Enabled via --marionette
2018-04-19 17:26:54.706 plugin-container[44455:211947] *** CFMessagePort: bootstrap_register(): failed 1100 (0x44c) 'Permission denied', port = 0x893f, name = 'com.apple.tsm.portname'
See /usr/include/servers/bootstrap_defs.h for the error codes.
1524126415150	Marionette	INFO	Listening on port 55164
1524126415180	Marionette	WARN	TLS certificate errors will be ignored for this session
2018-04-19 17:26:56.159 plugin-container[44456:212042] *** CFMessagePort: bootstrap_register(): failed 1100 (0x44c) 'Permission denied', port = 0x8407, name = 'com.apple.tsm.portname'
See /usr/include/servers/bootstrap_defs.h for the error codes.
1524126459817	geckodriver	INFO	geckodriver 0.20.1
1524126459834	geckodriver	INFO	Listening on 127.0.0.1:55251
1524126460854	mozrunner::runner	INFO	Running command: "/Applications/Firefox.app/Contents/MacOS/firefox-bin" "-marionette" "-profile" "/var/folders/fz/qbvn25416412ff4ryyqgq1n80000gn/T/rust_mozprofile.q7byjYylwBPC"
1524126461872	Marionette	INFO	Enabled via --marionette
2018-04-19 17:27:43.483 plugin-container[45015:214315] *** CFMessagePort: bootstrap_register(): failed 1100 (0x44c) 'Permission denied', port = 0x883b, name = 'com.apple.tsm.portname'
See /usr/include/servers/bootstrap_defs.h for the error codes.
1524126464434	Marionette	INFO	Listening on port 55258
1524126464492	Marionette	WARN	TLS certificate errors will be ignored for this session
2018-04-19 17:27:44.604 plugin-container[45016:214397] *** CFMessagePort: bootstrap_register(): failed 1100 (0x44c) 'Permission denied', port = 0x8547, name = 'com.apple.tsm.portname'
See /usr/include/servers/bootstrap_defs.h for the error codes.
1524213803682	geckodriver	INFO	geckodriver 0.20.1
1524213803698	geckodriver	INFO	Listening on 127.0.0.1:49845
1524213803785	mozrunner::runner	INFO	Running command: "/Applications/Firefox.app/Contents/MacOS/firefox-bin" "-marionette" "-profile" "/var/folders/fz/qbvn25416412ff4ryyqgq1n80000gn/T/rust_mozprofile.732aCcf2w820"
1524213804776	Marionette	INFO	Enabled via --marionette
2018-04-20 17:43:26.281 plugin-container[10900:46106] *** CFMessagePort: bootstrap_register(): failed 1100 (0x44c) 'Permission denied', port = 0x7503, name = 'com.apple.tsm.portname'
See /usr/include/servers/bootstrap_defs.h for the error codes.
1524213807002	Marionette	INFO	Listening on port 49854
1524213807118	Marionette	WARN	TLS certificate errors will be ignored for this session
2018-04-20 17:43:27.310 plugin-container[10902:46242] *** CFMessagePort: bootstrap_register(): failed 1100 (0x44c) 'Permission denied', port = 0x810b, name = 'com.apple.tsm.portname'
See /usr/include/servers/bootstrap_defs.h for the error codes.
*** UTM:SVC TimerManager:registerTimer called after profile-before-change notification. Ignoring timer registration for id: telemetry_modules_ping
1524214013869	geckodriver	INFO	geckodriver 0.20.1
1524214013886	geckodriver	INFO	Listening on 127.0.0.1:50220
1524214014905	mozrunner::runner	INFO	Running command: "/Applications/Firefox.app/Contents/MacOS/firefox-bin" "-marionette" "-profile" "/var/folders/fz/qbvn25416412ff4ryyqgq1n80000gn/T/rust_mozprofile.KEblcPp8Zaxp"
1524214015672	Marionette	INFO	Enabled via --marionette
2018-04-20 17:46:56.992 plugin-container[11876:50396] *** CFMessagePort: bootstrap_register(): failed 1100 (0x44c) 'Permission denied', port = 0x8243, name = 'com.apple.tsm.portname'
See /usr/include/servers/bootstrap_defs.h for the error codes.
1524214017444	Marionette	INFO	Listening on port 50231
1524214017542	Marionette	WARN	TLS certificate errors will be ignored for this session
2018-04-20 17:46:58.256 plugin-container[11877:50499] *** CFMessagePort: bootstrap_register(): failed 1100 (0x44c) 'Permission denied', port = 0x7f3f, name = 'com.apple.tsm.portname'
See /usr/include/servers/bootstrap_defs.h for the error codes.
1524214125029	geckodriver	INFO	geckodriver 0.20.1
1524214125046	geckodriver	INFO	Listening on 127.0.0.1:50396
1524214126065	mozrunner::runner	INFO	Running command: "/Applications/Firefox.app/Contents/MacOS/firefox-bin" "-marionette" "-profile" "/var/folders/fz/qbvn25416412ff4ryyqgq1n80000gn/T/rust_mozprofile.T9sqcwwT0gYL"
1524214126974	Marionette	INFO	Enabled via --marionette
2018-04-20 17:48:48.526 plugin-container[12387:52986] *** CFMessagePort: bootstrap_register(): failed 1100 (0x44c) 'Permission denied', port = 0x7c47, name = 'com.apple.tsm.portname'
See /usr/include/servers/bootstrap_defs.h for the error codes.
1524214129284	Marionette	INFO	Listening on port 50407
2018-04-20 17:48:49.379 plugin-container[12388:53060] *** CFMessagePort: bootstrap_register(): failed 1100 (0x44c) 'Permission denied', port = 0x7843, name = 'com.apple.tsm.portname'
See /usr/include/servers/bootstrap_defs.h for the error codes.
1524214129410	Marionette	WARN	TLS certificate errors will be ignored for this session
*** UTM:SVC TimerManager:registerTimer called after profile-before-change notification. Ignoring timer registration for id: telemetry_modules_ping
1524214180699	geckodriver	INFO	geckodriver 0.20.1
1524214180707	geckodriver	INFO	Listening on 127.0.0.1:50591
1524214181739	mozrunner::runner	INFO	Running command: "/Applications/Firefox.app/Contents/MacOS/firefox-bin" "-marionette" "-profile" "/var/folders/fz/qbvn25416412ff4ryyqgq1n80000gn/T/rust_mozprofile.MbXsevbc8Mpr"
1524214182492	Marionette	INFO	Enabled via --marionette
2018-04-20 17:49:43.713 plugin-container[12860:55024] *** CFMessagePort: bootstrap_register(): failed 1100 (0x44c) 'Permission denied', port = 0x7707, name = 'com.apple.tsm.portname'
See /usr/include/servers/bootstrap_defs.h for the error codes.
1524214184150	Marionette	INFO	Listening on port 50602
1524214184170	Marionette	WARN	TLS certificate errors will be ignored for this session
2018-04-20 17:49:45.034 plugin-container[12861:55121] *** CFMessagePort: bootstrap_register(): failed 1100 (0x44c) 'Permission denied', port = 0x7f47, name = 'com.apple.tsm.portname'
See /usr/include/servers/bootstrap_defs.h for the error codes.

###!!! [Child][RunMessage] Error: Channel closing: too late to send/recv, messages will be lost


###!!! [Child][RunMessage] Error: Channel closing: too late to send/recv, messages will be lost


###!!! [Child][RunMessage] Error: Channel closing: too late to send/recv, messages will be lost

